Arguments: 
  C:\Program Files\nodejs\node.exe C:\Users\ivail\AppData\Roaming\npm\node_modules\yarn\bin\yarn.js init -

PATH: 
  C:\Program Files\PowerShell\7;C:\Program Files (x86)\Common Files\Intel\Shared Libraries\redist\intel64\compiler;C:\Python39\Scripts\;C:\Python39\;C:\Program Files (x86)\Intel\iCLS Client\;C:\Program Files\Intel\iCLS Client\;C:\WINDOWS\system32;C:\WINDOWS;C:\WINDOWS\System32\Wbem;C:\WINDOWS\System32\WindowsPowerShell\v1.0\;C:\Program Files (x86)\Intel\Intel(R) Management Engine Components\DAL;C:\Program Files\Intel\Intel(R) Management Engine Components\DAL;C:\Program Files (x86)\Intel\Intel(R) Management Engine Components\IPT;C:\Program Files\Intel\Intel(R) Management Engine Components\IPT;C:\Program Files\Intel\WiFi\bin\;C:\Program Files\Common Files\Intel\WirelessCommon\;C:\WINDOWS\System32\OpenSSH\;C:\Program Files\Git\cmd;C:\Program Files\nodejs\;C:\ProgramData\chocolatey\bin;C:\Program Files\java\jdk-11\bin;C:\xampp\php;C:\ProgramData\ComposerSetup\bin;C:\Program Files\dotnet\;C:\Program Files\PowerShell\7\;C:\Users\ivail\AppData\Local\Microsoft\WindowsApps;;C:\Users\ivail\AppData\Local\Programs\Microsoft VS Code\bin;C:\Program Files\JetBrains\IntelliJ IDEA Community Edition 2021.2.2\bin;;C:\Users\ivail\AppData\Roaming\npm;C:\Users\ivail\AppData\Roaming\Composer\vendor\bin;C:\Users\ivail\.dotnet\tools

Yarn version: 
  1.22.17

Node version: 
  14.17.6

Platform: 
  win32 x64

Trace: 
  Error: canceled
      at Interface.<anonymous> (C:\Users\ivail\AppData\Roaming\npm\node_modules\yarn\lib\cli.js:137143:13)
      at Interface.emit (events.js:400:28)
      at Interface._ttyWrite (readline.js:910:16)
      at ReadStream.onkeypress (readline.js:235:10)
      at ReadStream.emit (events.js:400:28)
      at emitKeys (internal/readline/utils.js:358:14)
      at emitKeys.next (<anonymous>)
      at ReadStream.onData (readline.js:1179:36)
      at ReadStream.emit (events.js:400:28)
      at addChunk (internal/streams/readable.js:290:12)

npm manifest: 
  No manifest

yarn manifest: 
  No manifest

Lockfile: 
  No lockfile
